<?xml version="1.0" encoding="UTF-8"?>
<testsuite xmlns:xsi="http://www.w3.org/2001/XMLSchema-instance" xsi:noNamespaceSchemaLocation="https://maven.apache.org/surefire/maven-surefire-plugin/xsd/surefire-test-report.xsd" name="hu.me.KeresFeldolgozoTest" time="0.382" tests="6" errors="0" skipped="0" failures="0">
  <properties>
[...]
</properties>
  <testcase name="feldolgoz_whenOsztas_thenGiveValidResult" classname="hu.me.KeresFeldolgozoTest" time="0.333"/>
  <testcase name="feldolgoz_whenEmptyOperator_thenGiveErrorString" classname="hu.me.KeresFeldolgozoTest" time="0"/>
  <testcase name="feldolgoz_whenNullInput_thenGiveErrorString" classname="hu.me.KeresFeldolgozoTest" time="0"/>
  <testcase name="feldolgoz_whenSzorzas_thenGiveValidResult" classname="hu.me.KeresFeldolgozoTest" time="0"/>
  <testcase name="feldolgoz_whenOsszeadas_thenGiveValidResult" classname="hu.me.KeresFeldolgozoTest" time="0"/>
  <testcase name="feldolgoz_whenKivonas_thenGiveValidResult" classname="hu.me.KeresFeldolgozoTest" time="0"/>
</testsuite>